e:\2016-2017\nien luan cntt\projects\facerecognition\facerecognition\x64\debug\facerecognition.pch
e:\2016-2017\nien luan cntt\projects\facerecognition\facerecognition\x64\debug\vc120.pdb
e:\2016-2017\nien luan cntt\projects\facerecognition\facerecognition\x64\debug\vc120.idb
e:\2016-2017\nien luan cntt\projects\facerecognition\facerecognition\x64\debug\stdafx.obj
e:\2016-2017\nien luan cntt\projects\facerecognition\facerecognition\x64\debug\facerecognition.obj
e:\2016-2017\nien luan cntt\projects\facerecognition\facerecognition\x64\debug\facerecognitiondlg.obj
e:\2016-2017\nien luan cntt\projects\facerecognition\facerecognition\x64\debug\facerecognition.res
e:\2016-2017\nien luan cntt\projects\facerecognition\x64\debug\facerecognition.pdb
e:\2016-2017\nien luan cntt\projects\facerecognition\facerecognition\x64\debug\facerecognition.tlog\cl.command.1.tlog
e:\2016-2017\nien luan cntt\projects\facerecognition\facerecognition\x64\debug\facerecognition.tlog\cl.read.1.tlog
e:\2016-2017\nien luan cntt\projects\facerecognition\facerecognition\x64\debug\facerecognition.tlog\cl.write.1.tlog
e:\2016-2017\nien luan cntt\projects\facerecognition\facerecognition\x64\debug\facerecognition.tlog\link-cvtres.read.1.tlog
e:\2016-2017\nien luan cntt\projects\facerecognition\facerecognition\x64\debug\facerecognition.tlog\link-cvtres.write.1.tlog
e:\2016-2017\nien luan cntt\projects\facerecognition\facerecognition\x64\debug\facerecognition.tlog\link-mt.read.1.tlog
e:\2016-2017\nien luan cntt\projects\facerecognition\facerecognition\x64\debug\facerecognition.tlog\link-mt.write.1.tlog
e:\2016-2017\nien luan cntt\projects\facerecognition\facerecognition\x64\debug\facerecognition.tlog\link-rc.read.1.tlog
e:\2016-2017\nien luan cntt\projects\facerecognition\facerecognition\x64\debug\facerecognition.tlog\link-rc.write.1.tlog
e:\2016-2017\nien luan cntt\projects\facerecognition\facerecognition\x64\debug\facerecognition.tlog\link.command.1.tlog
e:\2016-2017\nien luan cntt\projects\facerecognition\facerecognition\x64\debug\facerecognition.tlog\link.read.1.tlog
e:\2016-2017\nien luan cntt\projects\facerecognition\facerecognition\x64\debug\facerecognition.tlog\link.write.1.tlog
e:\2016-2017\nien luan cntt\projects\facerecognition\facerecognition\x64\debug\facerecognition.tlog\rc.command.1.tlog
e:\2016-2017\nien luan cntt\projects\facerecognition\facerecognition\x64\debug\facerecognition.tlog\rc.read.1.tlog
e:\2016-2017\nien luan cntt\projects\facerecognition\facerecognition\x64\debug\facerecognition.tlog\rc.write.1.tlog
